[INFO] WorldEdit: Asteus (in "world"): /
[INFO] WorldEdit: Asteus (in "world"): /
[INFO] WorldEdit: Asteus (in "world"): /help
[INFO] WorldEdit: Asteus (in "world"): /help 2
[INFO] WorldEdit: Asteus (in "world"): /help 3
[INFO] WorldEdit: Asteus (in "world"): /help 4
[INFO] WorldEdit: Asteus (in "world"): /help 5-14
[INFO] WorldEdit: Asteus (in "world"): cui
[INFO] WorldEdit: Asteus (in "world"): /shift up 1 - Region: (249.0, 63.0, 90.0) - (252.0, 63.0, 93.0)
[INFO] WorldEdit: Asteus (in "world"): /shift 1 up - Region: (249.0, 63.0, 90.0) - (252.0, 63.0, 93.0)
[INFO] WorldEdit: Asteus (in "world"): /undo
[INFO] WorldEdit: Asteus (in "world"): /
[INFO] WorldEdit: Asteus (in "world"): /
[INFO] WorldEdit: Asteus (in "world"): /help
[INFO] WorldEdit: Asteus (in "world"): /help 2
[INFO] WorldEdit: Asteus (in "world"): /help 6
[INFO] WorldEdit: Asteus (in "world"): /help 7
[INFO] WorldEdit: Asteus (in "world"): /help 10
[INFO] WorldEdit: Asteus (in "world"): /help 11
[INFO] WorldEdit: Asteus (in "world"): /help 12
[INFO] WorldEdit: Asteus (in "world"): /replacenear 1 air stone - Position: (1120.0, 247.0, 10058.0)
[INFO] WorldEdit: Asteus (in "world"): /replacenear 1 air stone - Position: (850.0, 260.0, 1024.0)
[INFO] WorldEdit: Asteus (in "world"): /
